#
# A fatal error has been detected by the Java Runtime Environment:
#
#  EXCEPTION_ACCESS_VIOLATION (0xc0000005) at pc=0x00007ffe20091155, pid=40020, tid=7740
#
# JRE version: OpenJDK Runtime Environment (14.0.2+12) (build 14.0.2+12-46)
# Java VM: OpenJDK 64-Bit Server VM (14.0.2+12-46, mixed mode, tiered, compressed oops, g1 gc, windows-amd64)
# Problematic frame:
# V  [jvm.dll+0x5a1155]
#
# No core dump will be written. Minidumps are not enabled by default on client versions of Windows
#
# If you would like to submit a bug report, please visit:
#   https://bugreport.java.com/bugreport/crash.jsp
#

---------------  S U M M A R Y ------------

Command Line: -XX:+ShowCodeDetailsInExceptionMessages -agentlib:jdwp=transport=dt_socket,suspend=y,address=localhost:65078 -javaagent:C:\Users\Pablo\eclipse\java-2020-09\eclipse\configuration\org.eclipse.osgi\215\0\.cp\lib\javaagent-shaded.jar -Dfile.encoding=Cp1252 Programa_tarea

Host: AMD Ryzen 5 2600 Six-Core Processor            , 12 cores, 15G,  Windows 10 , 64 bit Build 18362 (10.0.18362.1110)
Time: Thu Nov 12 16:28:50 2020 Hora estándar romance elapsed time: 947 seconds (0d 0h 15m 47s)

---------------  T H R E A D  ---------------

Current thread (0x000001b040785000):  VMThread "VM Thread" [stack: 0x0000006f25e00000,0x0000006f25f00000] [id=7740]

Stack: [0x0000006f25e00000,0x0000006f25f00000],  sp=0x0000006f25eff748,  free space=1021k
Native frames: (J=compiled Java code, j=interpreted, Vv=VM code, C=native code)
V  [jvm.dll+0x5a1155]


siginfo: EXCEPTION_ACCESS_VIOLATION (0xc0000005), reading address 0x00007ffe20cab898


Register to memory mapping:

RIP=0x00007ffe20091155 jvm.dll
RAX=0x00007ffe20cab830 is an unknown value
RBX=0x0 is NULL
RCX=0x000001b0417387c8 is pointing into metadata
RDX=0x000001b02074d001 points into unknown readable memory: ab 39 20 fe 7f 00 00
RSP=0x0000006f25eff748 points into unknown readable memory: 2a 20 1f 20 fe 7f 00 00
RBP=0x00007ffe20091150 jvm.dll
RSI=0x000001b02074d000 is a thread
RDI=0x0 is NULL
R8 =0x000000004c3e2e01 is an unknown value
R9 =0x000000007ffe5000 points into unknown readable memory: 48 61 6c 54 00 00 00 00
R10=0x00000000546c6148 is an unknown value
R11=0x0000128fd57c43f8 is an unknown value
R12=0x00007ffe202fc720 jvm.dll
R13=0x00007ffe205761d0 jvm.dll
R14=0x000001b03fe9ae48 points into unknown readable memory: c1 3f 3e 2d 4e c1 1e 10
R15=0x00000000000003d8 is an unknown value


Registers:
RAX=0x00007ffe20cab830, RBX=0x0000000000000000, RCX=0x000001b0417387c8, RDX=0x000001b02074d001
RSP=0x0000006f25eff748, RBP=0x00007ffe20091150, RSI=0x000001b02074d000, RDI=0x0000000000000000
R8 =0x000000004c3e2e01, R9 =0x000000007ffe5000, R10=0x00000000546c6148, R11=0x0000128fd57c43f8
R12=0x00007ffe202fc720, R13=0x00007ffe205761d0, R14=0x000001b03fe9ae48, R15=0x00000000000003d8
RIP=0x00007ffe20091155, EFLAGS=0x0000000000010202

Top of Stack: (sp=0x0000006f25eff748)
0x0000006f25eff748:   00007ffe201f202a 0000000000000000
0x0000006f25eff758:   0000000000000000 0000000000000000
0x0000006f25eff768:   0000000000000000 0000006f25eff800
0x0000006f25eff778:   00007ffe201f41c0 000001b040d25360
0x0000006f25eff788:   0000000000000000 000000000000000e
0x0000006f25eff798:   00007ffe203557c0 0000006f25eff800
0x0000006f25eff7a8:   00007ffe201f8077 0000000000000001
0x0000006f25eff7b8:   000001b03fe9aa70 0000000000000001
0x0000006f25eff7c8:   0000000000000000 0000006f25eff900
0x0000006f25eff7d8:   00007ffe201f46df 0000000000000001
0x0000006f25eff7e8:   0000000000000001 0000006f25eff8d8
0x0000006f25eff7f8:   0000000000000001 00007ffe2039bde0
0x0000006f25eff808:   00007ffe20091150 0000000000000000
0x0000006f25eff818:   00007ffe20090fe5 0000000000000000
0x0000006f25eff828:   0000006f00000000 0000000000000001
0x0000006f25eff838:   0000006f25eff8d0 000001b03fe9aa60 

Instructions: (pc=0x00007ffe20091155)
0x00007ffe20091055:   cc cc cc cc cc cc cc cc cc cc cc 48 89 5c 24 18
0x00007ffe20091065:   55 48 83 ec 20 48 8b 1d 5f 3f 4b 00 48 85 db 74
0x00007ffe20091075:   17 48 8b 05 43 3f 4b 00 48 89 83 08 02 00 00 48
0x00007ffe20091085:   89 1d 35 3f 4b 00 eb 07 48 8b 1d 2c 3f 4b 00 33
0x00007ffe20091095:   ed 48 89 2d 33 3f 4b 00 48 85 db 74 7e 48 89 74
0x00007ffe200910a5:   24 30 48 89 7c 24 38 0f 1f 40 00 48 8b b3 00 02
0x00007ffe200910b5:   00 00 48 8b fd 48 2b f3 48 c1 ee 03 48 85 f6 74
0x00007ffe200910c5:   1e 66 66 0f 1f 84 00 00 00 00 00 48 8b 0c fb 33
0x00007ffe200910d5:   d2 48 8b 01 ff 50 68 48 ff c7 48 3b fe 72 ec 48
0x00007ffe200910e5:   8b 8b 08 02 00 00 48 89 ab 08 02 00 00 48 89 9b
0x00007ffe200910f5:   00 02 00 00 48 8b 05 c8 3e 4b 00 48 89 83 10 02
0x00007ffe20091105:   00 00 48 89 1d ba 3e 4b 00 48 8b d9 48 85 c9 75
0x00007ffe20091115:   9a 48 8b 7c 24 38 48 8b 74 24 30 48 8b 5c 24 40
0x00007ffe20091125:   48 89 2d 94 3e 4b 00 48 83 c4 20 5d c3 cc cc cc
0x00007ffe20091135:   cc cc cc cc cc cc cc cc cc cc cc 48 8b 02 48 8b
0x00007ffe20091145:   ca b2 01 48 ff 60 68 cc cc cc cc 48 8b 01 b2 01
0x00007ffe20091155:   48 ff 60 68 cc cc cc cc cc cc cc 40 53 48 83 ec
0x00007ffe20091165:   20 48 8b 15 63 3e 4b 00 48 8b d9 48 85 d2 74 21
0x00007ffe20091175:   48 8d 82 00 02 00 00 48 39 00 75 72 48 8b 05 38
0x00007ffe20091185:   3e 4b 00 48 89 82 08 02 00 00 48 89 15 2a 3e 4b
0x00007ffe20091195:   00 48 8b 15 2b 3e 4b 00 48 85 d2 74 10 48 8b 82
0x00007ffe200911a5:   10 02 00 00 48 89 05 18 3e 4b 00 eb 3a 45 33 c0
0x00007ffe200911b5:   b9 18 02 00 00 41 8d 50 08 e8 ad 18 b0 ff 48 8b
0x00007ffe200911c5:   d0 48 85 c0 74 1f 48 89 80 00 02 00 00 48 c7 80
0x00007ffe200911d5:   08 02 00 00 00 00 00 00 48 c7 80 10 02 00 00 00
0x00007ffe200911e5:   00 00 00 eb 02 33 d2 48 89 15 dd 3d 4b 00 48 8b
0x00007ffe200911f5:   82 00 02 00 00 48 89 18 48 83 82 00 02 00 00 08
0x00007ffe20091205:   48 83 c4 20 5b c3 cc cc cc cc cc 48 89 4c 24 08
0x00007ffe20091215:   48 89 54 24 10 4c 89 44 24 18 4c 89 4c 24 20 48
0x00007ffe20091225:   83 ec 28 4c 8b c1 4c 8d 4c 24 38 48 8d 0d c9 dc
0x00007ffe20091235:   49 00 ba 01 00 00 00 e8 bf a3 f5 ff 48 83 c4 28
0x00007ffe20091245:   c3 cc cc cc cc cc cc cc cc cc cc 48 89 5c 24 08 


Stack slot to memory mapping:
stack at sp + 0 slots: 0x00007ffe201f202a jvm.dll
stack at sp + 1 slots: 0x0 is NULL
stack at sp + 2 slots: 0x0 is NULL
stack at sp + 3 slots: 0x0 is NULL
stack at sp + 4 slots: 0x0 is NULL
stack at sp + 5 slots: 0x0000006f25eff800 points into unknown readable memory: e0 bd 39 20 fe 7f 00 00
stack at sp + 6 slots: 0x00007ffe201f41c0 jvm.dll
stack at sp + 7 slots: 0x000001b040d25360 points into unknown readable memory: 00 d0 74 20 b0 01 00 00

VM_Operation (0x0000006f269ff270): RedefineClasses, mode: safepoint, requested by thread 0x000001b040a3d800


---------------  P R O C E S S  ---------------

Threads class SMR info:
_java_thread_list=0x000001b040d411d0, length=14, elements={
0x000001b02074d000, 0x000001b04079b800, 0x000001b04079c800, 0x000001b0407dd800,
0x000001b0407e0800, 0x000001b0407c4800, 0x000001b0407c5000, 0x000001b0407ec000,
0x000001b040801800, 0x000001b0409b4000, 0x000001b040a3d800, 0x000001b040a42000,
0x000001b040a43000, 0x000001b0409af000
}

Java Threads: ( => current thread )
  0x000001b02074d000 JavaThread "main" [_thread_in_native, id=18412, stack(0x0000006f25800000,0x0000006f25900000)]
  0x000001b04079b800 JavaThread "Reference Handler" daemon [_thread_blocked, id=35344, stack(0x0000006f25f00000,0x0000006f26000000)]
  0x000001b04079c800 JavaThread "Finalizer" daemon [_thread_blocked, id=20952, stack(0x0000006f26000000,0x0000006f26100000)]
  0x000001b0407dd800 JavaThread "Signal Dispatcher" daemon [_thread_blocked, id=1128, stack(0x0000006f26100000,0x0000006f26200000)]
  0x000001b0407e0800 JavaThread "Attach Listener" daemon [_thread_blocked, id=13576, stack(0x0000006f26200000,0x0000006f26300000)]
  0x000001b0407c4800 JavaThread "Service Thread" daemon [_thread_blocked, id=1144, stack(0x0000006f26300000,0x0000006f26400000)]
  0x000001b0407c5000 JavaThread "C2 CompilerThread0" daemon [_thread_blocked, id=20568, stack(0x0000006f26400000,0x0000006f26500000)]
  0x000001b0407ec000 JavaThread "C1 CompilerThread0" daemon [_thread_blocked, id=30164, stack(0x0000006f26500000,0x0000006f26600000)]
  0x000001b040801800 JavaThread "Sweeper thread" daemon [_thread_blocked, id=14460, stack(0x0000006f26600000,0x0000006f26700000)]
  0x000001b0409b4000 JavaThread "Common-Cleaner" daemon [_thread_blocked, id=26116, stack(0x0000006f26700000,0x0000006f26800000)]
  0x000001b040a3d800 JavaThread "JDWP Transport Listener: dt_socket" daemon [_thread_blocked, id=15120, stack(0x0000006f26900000,0x0000006f26a00000)]
  0x000001b040a42000 JavaThread "JDWP Event Helper Thread" daemon [_thread_blocked, id=11216, stack(0x0000006f26a00000,0x0000006f26b00000)]
  0x000001b040a43000 JavaThread "JDWP Command Reader" daemon [_thread_in_native, id=22900, stack(0x0000006f26b00000,0x0000006f26c00000)]
  0x000001b0409af000 JavaThread "Notification Thread" daemon [_thread_blocked, id=7816, stack(0x0000006f26800000,0x0000006f26900000)]

Other Threads:
=>0x000001b040785000 VMThread "VM Thread" [stack: 0x0000006f25e00000,0x0000006f25f00000] [id=7740]
  0x000001b040c1e000 WatcherThread [stack: 0x0000006f26c00000,0x0000006f26d00000] [id=38436]
  0x000001b0207b7800 GCTaskThread "GC Thread#0" [stack: 0x0000006f25900000,0x0000006f25a00000] [id=29108]
  0x000001b0207d9800 ConcurrentGCThread "G1 Main Marker" [stack: 0x0000006f25a00000,0x0000006f25b00000] [id=34604]
  0x000001b0207db800 ConcurrentGCThread "G1 Conc#0" [stack: 0x0000006f25b00000,0x0000006f25c00000] [id=4956]
  0x000001b03fda3800 ConcurrentGCThread "G1 Refine#0" [stack: 0x0000006f25c00000,0x0000006f25d00000] [id=32812]
  0x000001b03fda4800 ConcurrentGCThread "G1 Young RemSet Sampling" [stack: 0x0000006f25d00000,0x0000006f25e00000] [id=34028]

Threads with active compile tasks:
C2 CompilerThread0   947484  471       4       org.eclipse.jdt.launching.internal.org.objectweb.asm.ClassReader::getItem (7 bytes)

VM state:at safepoint (normal execution)

VM Mutex/Monitor currently owned by a thread:  ([mutex/lock_event])
[0x000001b020749550] Threads_lock - owner thread: 0x000001b040785000

Heap address: 0x0000000700c00000, size: 4084 MB, Compressed Oops mode: Zero based, Oop shift amount: 3
Narrow klass base: 0x0000000800000000, Narrow klass shift: 0
Compressed class space size: 1073741824 Address: 0x0000000800000000

Heap:
 garbage-first heap   total 262144K, used 6144K [0x0000000700c00000, 0x0000000800000000)
  region size 1024K, 7 young (7168K), 0 survivors (0K)
 Metaspace       used 9983K, capacity 10211K, committed 10496K, reserved 1058816K
  class space    used 895K, capacity 955K, committed 1024K, reserved 1048576K
Heap Regions: E=young(eden), S=young(survivor), O=old, HS=humongous(starts), HC=humongous(continues), CS=collection set, F=free, OA=open archive, CA=closed archive, TAMS=top-at-mark-start (previous, next)
|   0|0x0000000700c00000, 0x0000000700c00000, 0x0000000700d00000|  0%| F|  |TAMS 0x0000000700c00000, 0x0000000700c00000| Untracked 
|   1|0x0000000700d00000, 0x0000000700d00000, 0x0000000700e00000|  0%| F|  |TAMS 0x0000000700d00000, 0x0000000700d00000| Untracked 
|   2|0x0000000700e00000, 0x0000000700e00000, 0x0000000700f00000|  0%| F|  |TAMS 0x0000000700e00000, 0x0000000700e00000| Untracked 
|   3|0x0000000700f00000, 0x0000000700f00000, 0x0000000701000000|  0%| F|  |TAMS 0x0000000700f00000, 0x0000000700f00000| Untracked 
|   4|0x0000000701000000, 0x0000000701000000, 0x0000000701100000|  0%| F|  |TAMS 0x0000000701000000, 0x0000000701000000| Untracked 
|   5|0x0000000701100000, 0x0000000701100000, 0x0000000701200000|  0%| F|  |TAMS 0x0000000701100000, 0x0000000701100000| Untracked 
|   6|0x0000000701200000, 0x0000000701200000, 0x0000000701300000|  0%| F|  |TAMS 0x0000000701200000, 0x0000000701200000| Untracked 
|   7|0x0000000701300000, 0x0000000701300000, 0x0000000701400000|  0%| F|  |TAMS 0x0000000701300000, 0x0000000701300000| Untracked 
|   8|0x0000000701400000, 0x0000000701400000, 0x0000000701500000|  0%| F|  |TAMS 0x0000000701400000, 0x0000000701400000| Untracked 
|   9|0x0000000701500000, 0x0000000701500000, 0x0000000701600000|  0%| F|  |TAMS 0x0000000701500000, 0x0000000701500000| Untracked 
|  10|0x0000000701600000, 0x0000000701600000, 0x0000000701700000|  0%| F|  |TAMS 0x0000000701600000, 0x0000000701600000| Untracked 
|  11|0x0000000701700000, 0x0000000701700000, 0x0000000701800000|  0%| F|  |TAMS 0x0000000701700000, 0x0000000701700000| Untracked 
|  12|0x0000000701800000, 0x0000000701800000, 0x0000000701900000|  0%| F|  |TAMS 0x0000000701800000, 0x0000000701800000| Untracked 
|  13|0x0000000701900000, 0x0000000701900000, 0x0000000701a00000|  0%| F|  |TAMS 0x0000000701900000, 0x0000000701900000| Untracked 
|  14|0x0000000701a00000, 0x0000000701a00000, 0x0000000701b00000|  0%| F|  |TAMS 0x0000000701a00000, 0x0000000701a00000| Untracked 
|  15|0x0000000701b00000, 0x0000000701b00000, 0x0000000701c00000|  0%| F|  |TAMS 0x0000000701b00000, 0x0000000701b00000| Untracked 
|  16|0x0000000701c00000, 0x0000000701c00000, 0x0000000701d00000|  0%| F|  |TAMS 0x0000000701c00000, 0x0000000701c00000| Untracked 
|  17|0x0000000701d00000, 0x0000000701d00000, 0x0000000701e00000|  0%| F|  |TAMS 0x0000000701d00000, 0x0000000701d00000| Untracked 
|  18|0x0000000701e00000, 0x0000000701e00000, 0x0000000701f00000|  0%| F|  |TAMS 0x0000000701e00000, 0x0000000701e00000| Untracked 
|  19|0x0000000701f00000, 0x0000000701f00000, 0x0000000702000000|  0%| F|  |TAMS 0x0000000701f00000, 0x0000000701f00000| Untracked 
|  20|0x0000000702000000, 0x0000000702000000, 0x0000000702100000|  0%| F|  |TAMS 0x0000000702000000, 0x0000000702000000| Untracked 
|  21|0x0000000702100000, 0x0000000702100000, 0x0000000702200000|  0%| F|  |TAMS 0x0000000702100000, 0x0000000702100000| Untracked 
|  22|0x0000000702200000, 0x0000000702200000, 0x0000000702300000|  0%| F|  |TAMS 0x0000000702200000, 0x0000000702200000| Untracked 
|  23|0x0000000702300000, 0x0000000702300000, 0x0000000702400000|  0%| F|  |TAMS 0x0000000702300000, 0x0000000702300000| Untracked 
|  24|0x0000000702400000, 0x0000000702400000, 0x0000000702500000|  0%| F|  |TAMS 0x0000000702400000, 0x0000000702400000| Untracked 
|  25|0x0000000702500000, 0x0000000702500000, 0x0000000702600000|  0%| F|  |TAMS 0x0000000702500000, 0x0000000702500000| Untracked 
|  26|0x0000000702600000, 0x0000000702600000, 0x0000000702700000|  0%| F|  |TAMS 0x0000000702600000, 0x0000000702600000| Untracked 
|  27|0x0000000702700000, 0x0000000702700000, 0x0000000702800000|  0%| F|  |TAMS 0x0000000702700000, 0x0000000702700000| Untracked 
|  28|0x0000000702800000, 0x0000000702800000, 0x0000000702900000|  0%| F|  |TAMS 0x0000000702800000, 0x0000000702800000| Untracked 
|  29|0x0000000702900000, 0x0000000702900000, 0x0000000702a00000|  0%| F|  |TAMS 0x0000000702900000, 0x0000000702900000| Untracked 
|  30|0x0000000702a00000, 0x0000000702a00000, 0x0000000702b00000|  0%| F|  |TAMS 0x0000000702a00000, 0x0000000702a00000| Untracked 
|  31|0x0000000702b00000, 0x0000000702b00000, 0x0000000702c00000|  0%| F|  |TAMS 0x0000000702b00000, 0x0000000702b00000| Untracked 
|  32|0x0000000702c00000, 0x0000000702c00000, 0x0000000702d00000|  0%| F|  |TAMS 0x0000000702c00000, 0x0000000702c00000| Untracked 
|  33|0x0000000702d00000, 0x0000000702d00000, 0x0000000702e00000|  0%| F|  |TAMS 0x0000000702d00000, 0x0000000702d00000| Untracked 
|  34|0x0000000702e00000, 0x0000000702e00000, 0x0000000702f00000|  0%| F|  |TAMS 0x0000000702e00000, 0x0000000702e00000| Untracked 
|  35|0x0000000702f00000, 0x0000000702f00000, 0x0000000703000000|  0%| F|  |TAMS 0x0000000702f00000, 0x0000000702f00000| Untracked 
|  36|0x0000000703000000, 0x0000000703000000, 0x0000000703100000|  0%| F|  |TAMS 0x0000000703000000, 0x0000000703000000| Untracked 
|  37|0x0000000703100000, 0x0000000703100000, 0x0000000703200000|  0%| F|  |TAMS 0x0000000703100000, 0x0000000703100000| Untracked 
|  38|0x0000000703200000, 0x0000000703200000, 0x0000000703300000|  0%| F|  |TAMS 0x0000000703200000, 0x0000000703200000| Untracked 
|  39|0x0000000703300000, 0x0000000703300000, 0x0000000703400000|  0%| F|  |TAMS 0x0000000703300000, 0x0000000703300000| Untracked 
|  40|0x0000000703400000, 0x0000000703400000, 0x0000000703500000|  0%| F|  |TAMS 0x0000000703400000, 0x0000000703400000| Untracked 
|  41|0x0000000703500000, 0x0000000703500000, 0x0000000703600000|  0%| F|  |TAMS 0x0000000703500000, 0x0000000703500000| Untracked 
|  42|0x0000000703600000, 0x0000000703600000, 0x0000000703700000|  0%| F|  |TAMS 0x0000000703600000, 0x0000000703600000| Untracked 
|  43|0x0000000703700000, 0x0000000703700000, 0x0000000703800000|  0%| F|  |TAMS 0x0000000703700000, 0x0000000703700000| Untracked 
|  44|0x0000000703800000, 0x0000000703800000, 0x0000000703900000|  0%| F|  |TAMS 0x0000000703800000, 0x0000000703800000| Untracked 
|  45|0x0000000703900000, 0x0000000703900000, 0x0000000703a00000|  0%| F|  |TAMS 0x0000000703900000, 0x0000000703900000| Untracked 
|  46|0x0000000703a00000, 0x0000000703a00000, 0x0000000703b00000|  0%| F|  |TAMS 0x0000000703a00000, 0x0000000703a00000| Untracked 
|  47|0x0000000703b00000, 0x0000000703b00000, 0x0000000703c00000|  0%| F|  |TAMS 0x0000000703b00000, 0x0000000703b00000| Untracked 
|  48|0x0000000703c00000, 0x0000000703c00000, 0x0000000703d00000|  0%| F|  |TAMS 0x0000000703c00000, 0x0000000703c00000| Untracked 
|  49|0x0000000703d00000, 0x0000000703d00000, 0x0000000703e00000|  0%| F|  |TAMS 0x0000000703d00000, 0x0000000703d00000| Untracked 
|  50|0x0000000703e00000, 0x0000000703e00000, 0x0000000703f00000|  0%| F|  |TAMS 0x0000000703e00000, 0x0000000703e00000| Untracked 
|  51|0x0000000703f00000, 0x0000000703f00000, 0x0000000704000000|  0%| F|  |TAMS 0x0000000703f00000, 0x0000000703f00000| Untracked 
|  52|0x0000000704000000, 0x0000000704000000, 0x0000000704100000|  0%| F|  |TAMS 0x0000000704000000, 0x0000000704000000| Untracked 
|  53|0x0000000704100000, 0x0000000704100000, 0x0000000704200000|  0%| F|  |TAMS 0x0000000704100000, 0x0000000704100000| Untracked 
|  54|0x0000000704200000, 0x0000000704200000, 0x0000000704300000|  0%| F|  |TAMS 0x0000000704200000, 0x0000000704200000| Untracked 
|  55|0x0000000704300000, 0x0000000704300000, 0x0000000704400000|  0%| F|  |TAMS 0x0000000704300000, 0x0000000704300000| Untracked 
|  56|0x0000000704400000, 0x0000000704400000, 0x0000000704500000|  0%| F|  |TAMS 0x0000000704400000, 0x0000000704400000| Untracked 
|  57|0x0000000704500000, 0x0000000704500000, 0x0000000704600000|  0%| F|  |TAMS 0x0000000704500000, 0x0000000704500000| Untracked 
|  58|0x0000000704600000, 0x0000000704600000, 0x0000000704700000|  0%| F|  |TAMS 0x0000000704600000, 0x0000000704600000| Untracked 
|  59|0x0000000704700000, 0x0000000704700000, 0x0000000704800000|  0%| F|  |TAMS 0x0000000704700000, 0x0000000704700000| Untracked 
|  60|0x0000000704800000, 0x0000000704800000, 0x0000000704900000|  0%| F|  |TAMS 0x0000000704800000, 0x0000000704800000| Untracked 
|  61|0x0000000704900000, 0x0000000704900000, 0x0000000704a00000|  0%| F|  |TAMS 0x0000000704900000, 0x0000000704900000| Untracked 
|  62|0x0000000704a00000, 0x0000000704a00000, 0x0000000704b00000|  0%| F|  |TAMS 0x0000000704a00000, 0x0000000704a00000| Untracked 
|  63|0x0000000704b00000, 0x0000000704b00000, 0x0000000704c00000|  0%| F|  |TAMS 0x0000000704b00000, 0x0000000704b00000| Untracked 
|  64|0x0000000704c00000, 0x0000000704c00000, 0x0000000704d00000|  0%| F|  |TAMS 0x0000000704c00000, 0x0000000704c00000| Untracked 
|  65|0x0000000704d00000, 0x0000000704d00000, 0x0000000704e00000|  0%| F|  |TAMS 0x0000000704d00000, 0x0000000704d00000| Untracked 
|  66|0x0000000704e00000, 0x0000000704e00000, 0x0000000704f00000|  0%| F|  |TAMS 0x0000000704e00000, 0x0000000704e00000| Untracked 
|  67|0x0000000704f00000, 0x0000000704f00000, 0x0000000705000000|  0%| F|  |TAMS 0x0000000704f00000, 0x0000000704f00000| Untracked 
|  68|0x0000000705000000, 0x0000000705000000, 0x0000000705100000|  0%| F|  |TAMS 0x0000000705000000, 0x0000000705000000| Untracked 
|  69|0x0000000705100000, 0x0000000705100000, 0x0000000705200000|  0%| F|  |TAMS 0x0000000705100000, 0x0000000705100000| Untracked 
|  70|0x0000000705200000, 0x0000000705200000, 0x0000000705300000|  0%| F|  |TAMS 0x0000000705200000, 0x0000000705200000| Untracked 
|  71|0x0000000705300000, 0x0000000705300000, 0x0000000705400000|  0%| F|  |TAMS 0x0000000705300000, 0x0000000705300000| Untracked 
|  72|0x0000000705400000, 0x0000000705400000, 0x0000000705500000|  0%| F|  |TAMS 0x0000000705400000, 0x0000000705400000| Untracked 
|  73|0x0000000705500000, 0x0000000705500000, 0x0000000705600000|  0%| F|  |TAMS 0x0000000705500000, 0x0000000705500000| Untracked 
|  74|0x0000000705600000, 0x0000000705600000, 0x0000000705700000|  0%| F|  |TAMS 0x0000000705600000, 0x0000000705600000| Untracked 
|  75|0x0000000705700000, 0x0000000705700000, 0x0000000705800000|  0%| F|  |TAMS 0x0000000705700000, 0x0000000705700000| Untracked 
|  76|0x0000000705800000, 0x0000000705800000, 0x0000000705900000|  0%| F|  |TAMS 0x0000000705800000, 0x0000000705800000| Untracked 
|  77|0x0000000705900000, 0x0000000705900000, 0x0000000705a00000|  0%| F|  |TAMS 0x0000000705900000, 0x0000000705900000| Untracked 
|  78|0x0000000705a00000, 0x0000000705a00000, 0x0000000705b00000|  0%| F|  |TAMS 0x0000000705a00000, 0x0000000705a00000| Untracked 
|  79|0x0000000705b00000, 0x0000000705b00000, 0x0000000705c00000|  0%| F|  |TAMS 0x0000000705b00000, 0x0000000705b00000| Untracked 
|  80|0x0000000705c00000, 0x0000000705c00000, 0x0000000705d00000|  0%| F|  |TAMS 0x0000000705c00000, 0x0000000705c00000| Untracked 
|  81|0x0000000705d00000, 0x0000000705d00000, 0x0000000705e00000|  0%| F|  |TAMS 0x0000000705d00000, 0x0000000705d00000| Untracked 
|  82|0x0000000705e00000, 0x0000000705e00000, 0x0000000705f00000|  0%| F|  |TAMS 0x0000000705e00000, 0x0000000705e00000| Untracked 
|  83|0x0000000705f00000, 0x0000000705f00000, 0x0000000706000000|  0%| F|  |TAMS 0x0000000705f00000, 0x0000000705f00000| Untracked 
|  84|0x0000000706000000, 0x0000000706000000, 0x0000000706100000|  0%| F|  |TAMS 0x0000000706000000, 0x0000000706000000| Untracked 
|  85|0x0000000706100000, 0x0000000706100000, 0x0000000706200000|  0%| F|  |TAMS 0x0000000706100000, 0x0000000706100000| Untracked 
|  86|0x0000000706200000, 0x0000000706200000, 0x0000000706300000|  0%| F|  |TAMS 0x0000000706200000, 0x0000000706200000| Untracked 
|  87|0x0000000706300000, 0x0000000706300000, 0x0000000706400000|  0%| F|  |TAMS 0x0000000706300000, 0x0000000706300000| Untracked 
|  88|0x0000000706400000, 0x0000000706400000, 0x0000000706500000|  0%| F|  |TAMS 0x0000000706400000, 0x0000000706400000| Untracked 
|  89|0x0000000706500000, 0x0000000706500000, 0x0000000706600000|  0%| F|  |TAMS 0x0000000706500000, 0x0000000706500000| Untracked 
|  90|0x0000000706600000, 0x0000000706600000, 0x0000000706700000|  0%| F|  |TAMS 0x0000000706600000, 0x0000000706600000| Untracked 
|  91|0x0000000706700000, 0x0000000706700000, 0x0000000706800000|  0%| F|  |TAMS 0x0000000706700000, 0x0000000706700000| Untracked 
|  92|0x0000000706800000, 0x0000000706800000, 0x0000000706900000|  0%| F|  |TAMS 0x0000000706800000, 0x0000000706800000| Untracked 
|  93|0x0000000706900000, 0x0000000706900000, 0x0000000706a00000|  0%| F|  |TAMS 0x0000000706900000, 0x0000000706900000| Untracked 
|  94|0x0000000706a00000, 0x0000000706a00000, 0x0000000706b00000|  0%| F|  |TAMS 0x0000000706a00000, 0x0000000706a00000| Untracked 
|  95|0x0000000706b00000, 0x0000000706b00000, 0x0000000706c00000|  0%| F|  |TAMS 0x0000000706b00000, 0x0000000706b00000| Untracked 
|  96|0x0000000706c00000, 0x0000000706c00000, 0x0000000706d00000|  0%| F|  |TAMS 0x0000000706c00000, 0x0000000706c00000| Untracked 
|  97|0x0000000706d00000, 0x0000000706d00000, 0x0000000706e00000|  0%| F|  |TAMS 0x0000000706d00000, 0x0000000706d00000| Untracked 
|  98|0x0000000706e00000, 0x0000000706e00000, 0x0000000706f00000|  0%| F|  |TAMS 0x0000000706e00000, 0x0000000706e00000| Untracked 
|  99|0x0000000706f00000, 0x0000000706f00000, 0x0000000707000000|  0%| F|  |TAMS 0x0000000706f00000, 0x0000000706f00000| Untracked 
| 100|0x0000000707000000, 0x0000000707000000, 0x0000000707100000|  0%| F|  |TAMS 0x0000000707000000, 0x0000000707000000| Untracked 
| 101|0x0000000707100000, 0x0000000707100000, 0x0000000707200000|  0%| F|  |TAMS 0x0000000707100000, 0x0000000707100000| Untracked 
| 102|0x0000000707200000, 0x0000000707200000, 0x0000000707300000|  0%| F|  |TAMS 0x0000000707200000, 0x0000000707200000| Untracked 
| 103|0x0000000707300000, 0x0000000707300000, 0x0000000707400000|  0%| F|  |TAMS 0x0000000707300000, 0x0000000707300000| Untracked 
| 104|0x0000000707400000, 0x0000000707400000, 0x0000000707500000|  0%| F|  |TAMS 0x0000000707400000, 0x0000000707400000| Untracked 
| 105|0x0000000707500000, 0x0000000707500000, 0x0000000707600000|  0%| F|  |TAMS 0x0000000707500000, 0x0000000707500000| Untracked 
| 106|0x0000000707600000, 0x0000000707600000, 0x0000000707700000|  0%| F|  |TAMS 0x0000000707600000, 0x0000000707600000| Untracked 
| 107|0x0000000707700000, 0x0000000707700000, 0x0000000707800000|  0%| F|  |TAMS 0x0000000707700000, 0x0000000707700000| Untracked 
| 108|0x0000000707800000, 0x0000000707800000, 0x0000000707900000|  0%| F|  |TAMS 0x0000000707800000, 0x0000000707800000| Untracked 
| 109|0x0000000707900000, 0x0000000707900000, 0x0000000707a00000|  0%| F|  |TAMS 0x0000000707900000, 0x0000000707900000| Untracked 
| 110|0x0000000707a00000, 0x0000000707a00000, 0x0000000707b00000|  0%| F|  |TAMS 0x0000000707a00000, 0x0000000707a00000| Untracked 
| 111|0x0000000707b00000, 0x0000000707b00000, 0x0000000707c00000|  0%| F|  |TAMS 0x0000000707b00000, 0x0000000707b00000| Untracked 
| 112|0x0000000707c00000, 0x0000000707c00000, 0x0000000707d00000|  0%| F|  |TAMS 0x0000000707c00000, 0x0000000707c00000| Untracked 
| 113|0x0000000707d00000, 0x0000000707d00000, 0x0000000707e00000|  0%| F|  |TAMS 0x0000000707d00000, 0x0000000707d00000| Untracked 
| 114|0x0000000707e00000, 0x0000000707e00000, 0x0000000707f00000|  0%| F|  |TAMS 0x0000000707e00000, 0x0000000707e00000| Untracked 
| 115|0x0000000707f00000, 0x0000000707f00000, 0x0000000708000000|  0%| F|  |TAMS 0x0000000707f00000, 0x0000000707f00000| Untracked 
| 116|0x0000000708000000, 0x0000000708000000, 0x0000000708100000|  0%| F|  |TAMS 0x0000000708000000, 0x0000000708000000| Untracked 
| 117|0x0000000708100000, 0x0000000708100000, 0x0000000708200000|  0%| F|  |TAMS 0x0000000708100000, 0x0000000708100000| Untracked 
| 118|0x0000000708200000, 0x0000000708200000, 0x0000000708300000|  0%| F|  |TAMS 0x0000000708200000, 0x0000000708200000| Untracked 
| 119|0x0000000708300000, 0x0000000708300000, 0x0000000708400000|  0%| F|  |TAMS 0x0000000708300000, 0x0000000708300000| Untracked 
| 120|0x0000000708400000, 0x0000000708400000, 0x0000000708500000|  0%| F|  |TAMS 0x0000000708400000, 0x0000000708400000| Untracked 
| 121|0x0000000708500000, 0x0000000708500000, 0x0000000708600000|  0%| F|  |TAMS 0x0000000708500000, 0x0000000708500000| Untracked 
| 122|0x0000000708600000, 0x0000000708600000, 0x0000000708700000|  0%| F|  |TAMS 0x0000000708600000, 0x0000000708600000| Untracked 
| 123|0x0000000708700000, 0x0000000708700000, 0x0000000708800000|  0%| F|  |TAMS 0x0000000708700000, 0x0000000708700000| Untracked 
| 124|0x0000000708800000, 0x0000000708800000, 0x0000000708900000|  0%| F|  |TAMS 0x0000000708800000, 0x0000000708800000| Untracked 
| 125|0x0000000708900000, 0x0000000708900000, 0x0000000708a00000|  0%| F|  |TAMS 0x0000000708900000, 0x0000000708900000| Untracked 
| 126|0x0000000708a00000, 0x0000000708a00000, 0x0000000708b00000|  0%| F|  |TAMS 0x0000000708a00000, 0x0000000708a00000| Untracked 
| 127|0x0000000708b00000, 0x0000000708b00000, 0x0000000708c00000|  0%| F|  |TAMS 0x0000000708b00000, 0x0000000708b00000| Untracked 
| 128|0x0000000708c00000, 0x0000000708c00000, 0x0000000708d00000|  0%| F|  |TAMS 0x0000000708c00000, 0x0000000708c00000| Untracked 
| 129|0x0000000708d00000, 0x0000000708d00000, 0x0000000708e00000|  0%| F|  |TAMS 0x0000000708d00000, 0x0000000708d00000| Untracked 
| 130|0x0000000708e00000, 0x0000000708e00000, 0x0000000708f00000|  0%| F|  |TAMS 0x0000000708e00000, 0x0000000708e00000| Untracked 
| 131|0x0000000708f00000, 0x0000000708f00000, 0x0000000709000000|  0%| F|  |TAMS 0x0000000708f00000, 0x0000000708f00000| Untracked 
| 132|0x0000000709000000, 0x0000000709000000, 0x0000000709100000|  0%| F|  |TAMS 0x0000000709000000, 0x0000000709000000| Untracked 
| 133|0x0000000709100000, 0x0000000709100000, 0x0000000709200000|  0%| F|  |TAMS 0x0000000709100000, 0x0000000709100000| Untracked 
| 134|0x0000000709200000, 0x0000000709200000, 0x0000000709300000|  0%| F|  |TAMS 0x0000000709200000, 0x0000000709200000| Untracked 
| 135|0x0000000709300000, 0x0000000709300000, 0x0000000709400000|  0%| F|  |TAMS 0x0000000709300000, 0x0000000709300000| Untracked 
| 136|0x0000000709400000, 0x0000000709400000, 0x0000000709500000|  0%| F|  |TAMS 0x0000000709400000, 0x0000000709400000| Untracked 
| 137|0x0000000709500000, 0x0000000709500000, 0x0000000709600000|  0%| F|  |TAMS 0x0000000709500000, 0x0000000709500000| Untracked 
| 138|0x0000000709600000, 0x0000000709600000, 0x0000000709700000|  0%| F|  |TAMS 0x0000000709600000, 0x0000000709600000| Untracked 
| 139|0x0000000709700000, 0x0000000709700000, 0x0000000709800000|  0%| F|  |TAMS 0x0000000709700000, 0x0000000709700000| Untracked 
| 140|0x0000000709800000, 0x0000000709800000, 0x0000000709900000|  0%| F|  |TAMS 0x0000000709800000, 0x0000000709800000| Untracked 
| 141|0x0000000709900000, 0x0000000709900000, 0x0000000709a00000|  0%| F|  |TAMS 0x0000000709900000, 0x0000000709900000| Untracked 
| 142|0x0000000709a00000, 0x0000000709a00000, 0x0000000709b00000|  0%| F|  |TAMS 0x0000000709a00000, 0x0000000709a00000| Untracked 
| 143|0x0000000709b00000, 0x0000000709b00000, 0x0000000709c00000|  0%| F|  |TAMS 0x0000000709b00000, 0x0000000709b00000| Untracked 
| 144|0x0000000709c00000, 0x0000000709c00000, 0x0000000709d00000|  0%| F|  |TAMS 0x0000000709c00000, 0x0000000709c00000| Untracked 
| 145|0x0000000709d00000, 0x0000000709d00000, 0x0000000709e00000|  0%| F|  |TAMS 0x0000000709d00000, 0x0000000709d00000| Untracked 
| 146|0x0000000709e00000, 0x0000000709e00000, 0x0000000709f00000|  0%| F|  |TAMS 0x0000000709e00000, 0x0000000709e00000| Untracked 
| 147|0x0000000709f00000, 0x0000000709f00000, 0x000000070a000000|  0%| F|  |TAMS 0x0000000709f00000, 0x0000000709f00000| Untracked 
| 148|0x000000070a000000, 0x000000070a000000, 0x000000070a100000|  0%| F|  |TAMS 0x000000070a000000, 0x000000070a000000| Untracked 
| 149|0x000000070a100000, 0x000000070a100000, 0x000000070a200000|  0%| F|  |TAMS 0x000000070a100000, 0x000000070a100000| Untracked 
| 150|0x000000070a200000, 0x000000070a200000, 0x000000070a300000|  0%| F|  |TAMS 0x000000070a200000, 0x000000070a200000| Untracked 
| 151|0x000000070a300000, 0x000000070a300000, 0x000000070a400000|  0%| F|  |TAMS 0x000000070a300000, 0x000000070a300000| Untracked 
| 152|0x000000070a400000, 0x000000070a400000, 0x000000070a500000|  0%| F|  |TAMS 0x000000070a400000, 0x000000070a400000| Untracked 
| 153|0x000000070a500000, 0x000000070a500000, 0x000000070a600000|  0%| F|  |TAMS 0x000000070a500000, 0x000000070a500000| Untracked 
| 154|0x000000070a600000, 0x000000070a600000, 0x000000070a700000|  0%| F|  |TAMS 0x000000070a600000, 0x000000070a600000| Untracked 
| 155|0x000000070a700000, 0x000000070a700000, 0x000000070a800000|  0%| F|  |TAMS 0x000000070a700000, 0x000000070a700000| Untracked 
| 156|0x000000070a800000, 0x000000070a800000, 0x000000070a900000|  0%| F|  |TAMS 0x000000070a800000, 0x000000070a800000| Untracked 
| 157|0x000000070a900000, 0x000000070a900000, 0x000000070aa00000|  0%| F|  |TAMS 0x000000070a900000, 0x000000070a900000| Untracked 
| 158|0x000000070aa00000, 0x000000070aa00000, 0x000000070ab00000|  0%| F|  |TAMS 0x000000070aa00000, 0x000000070aa00000| Untracked 
| 159|0x000000070ab00000, 0x000000070ab00000, 0x000000070ac00000|  0%| F|  |TAMS 0x000000070ab00000, 0x000000070ab00000| Untracked 
| 160|0x000000070ac00000, 0x000000070ac00000, 0x000000070ad00000|  0%| F|  |TAMS 0x000000070ac00000, 0x000000070ac00000| Untracked 
| 161|0x000000070ad00000, 0x000000070ad00000, 0x000000070ae00000|  0%| F|  |TAMS 0x000000070ad00000, 0x000000070ad00000| Untracked 
| 162|0x000000070ae00000, 0x000000070ae00000, 0x000000070af00000|  0%| F|  |TAMS 0x000000070ae00000, 0x000000070ae00000| Untracked 
| 163|0x000000070af00000, 0x000000070af00000, 0x000000070b000000|  0%| F|  |TAMS 0x000000070af00000, 0x000000070af00000| Untracked 
| 164|0x000000070b000000, 0x000000070b000000, 0x000000070b100000|  0%| F|  |TAMS 0x000000070b000000, 0x000000070b000000| Untracked 
| 165|0x000000070b100000, 0x000000070b100000, 0x000000070b200000|  0%| F|  |TAMS 0x000000070b100000, 0x000000070b100000| Untracked 
| 166|0x000000070b200000, 0x000000070b200000, 0x000000070b300000|  0%| F|  |TAMS 0x000000070b200000, 0x000000070b200000| Untracked 
| 167|0x000000070b300000, 0x000000070b300000, 0x000000070b400000|  0%| F|  |TAMS 0x000000070b300000, 0x000000070b300000| Untracked 
| 168|0x000000070b400000, 0x000000070b400000, 0x000000070b500000|  0%| F|  |TAMS 0x000000070b400000, 0x000000070b400000| Untracked 
| 169|0x000000070b500000, 0x000000070b500000, 0x000000070b600000|  0%| F|  |TAMS 0x000000070b500000, 0x000000070b500000| Untracked 
| 170|0x000000070b600000, 0x000000070b600000, 0x000000070b700000|  0%| F|  |TAMS 0x000000070b600000, 0x000000070b600000| Untracked 
| 171|0x000000070b700000, 0x000000070b700000, 0x000000070b800000|  0%| F|  |TAMS 0x000000070b700000, 0x000000070b700000| Untracked 
| 172|0x000000070b800000, 0x000000070b800000, 0x000000070b900000|  0%| F|  |TAMS 0x000000070b800000, 0x000000070b800000| Untracked 
| 173|0x000000070b900000, 0x000000070b900000, 0x000000070ba00000|  0%| F|  |TAMS 0x000000070b900000, 0x000000070b900000| Untracked 
| 174|0x000000070ba00000, 0x000000070ba00000, 0x000000070bb00000|  0%| F|  |TAMS 0x000000070ba00000, 0x000000070ba00000| Untracked 
| 175|0x000000070bb00000, 0x000000070bb00000, 0x000000070bc00000|  0%| F|  |TAMS 0x000000070bb00000, 0x000000070bb00000| Untracked 
| 176|0x000000070bc00000, 0x000000070bc00000, 0x000000070bd00000|  0%| F|  |TAMS 0x000000070bc00000, 0x000000070bc00000| Untracked 
| 177|0x000000070bd00000, 0x000000070bd00000, 0x000000070be00000|  0%| F|  |TAMS 0x000000070bd00000, 0x000000070bd00000| Untracked 
| 178|0x000000070be00000, 0x000000070be00000, 0x000000070bf00000|  0%| F|  |TAMS 0x000000070be00000, 0x000000070be00000| Untracked 
| 179|0x000000070bf00000, 0x000000070bf00000, 0x000000070c000000|  0%| F|  |TAMS 0x000000070bf00000, 0x000000070bf00000| Untracked 
| 180|0x000000070c000000, 0x000000070c000000, 0x000000070c100000|  0%| F|  |TAMS 0x000000070c000000, 0x000000070c000000| Untracked 
| 181|0x000000070c100000, 0x000000070c100000, 0x000000070c200000|  0%| F|  |TAMS 0x000000070c100000, 0x000000070c100000| Untracked 
| 182|0x000000070c200000, 0x000000070c200000, 0x000000070c300000|  0%| F|  |TAMS 0x000000070c200000, 0x000000070c200000| Untracked 
| 183|0x000000070c300000, 0x000000070c300000, 0x000000070c400000|  0%| F|  |TAMS 0x000000070c300000, 0x000000070c300000| Untracked 
| 184|0x000000070c400000, 0x000000070c400000, 0x000000070c500000|  0%| F|  |TAMS 0x000000070c400000, 0x000000070c400000| Untracked 
| 185|0x000000070c500000, 0x000000070c500000, 0x000000070c600000|  0%| F|  |TAMS 0x000000070c500000, 0x000000070c500000| Untracked 
| 186|0x000000070c600000, 0x000000070c600000, 0x000000070c700000|  0%| F|  |TAMS 0x000000070c600000, 0x000000070c600000| Untracked 
| 187|0x000000070c700000, 0x000000070c700000, 0x000000070c800000|  0%| F|  |TAMS 0x000000070c700000, 0x000000070c700000| Untracked 
| 188|0x000000070c800000, 0x000000070c800000, 0x000000070c900000|  0%| F|  |TAMS 0x000000070c800000, 0x000000070c800000| Untracked 
| 189|0x000000070c900000, 0x000000070c900000, 0x000000070ca00000|  0%| F|  |TAMS 0x000000070c900000, 0x000000070c900000| Untracked 
| 190|0x000000070ca00000, 0x000000070ca00000, 0x000000070cb00000|  0%| F|  |TAMS 0x000000070ca00000, 0x000000070ca00000| Untracked 
| 191|0x000000070cb00000, 0x000000070cb00000, 0x000000070cc00000|  0%| F|  |TAMS 0x000000070cb00000, 0x000000070cb00000| Untracked 
| 192|0x000000070cc00000, 0x000000070cc00000, 0x000000070cd00000|  0%| F|  |TAMS 0x000000070cc00000, 0x000000070cc00000| Untracked 
| 193|0x000000070cd00000, 0x000000070cd00000, 0x000000070ce00000|  0%| F|  |TAMS 0x000000070cd00000, 0x000000070cd00000| Untracked 
| 194|0x000000070ce00000, 0x000000070ce00000, 0x000000070cf00000|  0%| F|  |TAMS 0x000000070ce00000, 0x000000070ce00000| Untracked 
| 195|0x000000070cf00000, 0x000000070cf00000, 0x000000070d000000|  0%| F|  |TAMS 0x000000070cf00000, 0x000000070cf00000| Untracked 
| 196|0x000000070d000000, 0x000000070d000000, 0x000000070d100000|  0%| F|  |TAMS 0x000000070d000000, 0x000000070d000000| Untracked 
| 197|0x000000070d100000, 0x000000070d100000, 0x000000070d200000|  0%| F|  |TAMS 0x000000070d100000, 0x000000070d100000| Untracked 
| 198|0x000000070d200000, 0x000000070d200000, 0x000000070d300000|  0%| F|  |TAMS 0x000000070d200000, 0x000000070d200000| Untracked 
| 199|0x000000070d300000, 0x000000070d300000, 0x000000070d400000|  0%| F|  |TAMS 0x000000070d300000, 0x000000070d300000| Untracked 
| 200|0x000000070d400000, 0x000000070d400000, 0x000000070d500000|  0%| F|  |TAMS 0x000000070d400000, 0x000000070d400000| Untracked 
| 201|0x000000070d500000, 0x000000070d500000, 0x000000070d600000|  0%| F|  |TAMS 0x000000070d500000, 0x000000070d500000| Untracked 
| 202|0x000000070d600000, 0x000000070d600000, 0x000000070d700000|  0%| F|  |TAMS 0x000000070d600000, 0x000000070d600000| Untracked 
| 203|0x000000070d700000, 0x000000070d700000, 0x000000070d800000|  0%| F|  |TAMS 0x000000070d700000, 0x000000070d700000| Untracked 
| 204|0x000000070d800000, 0x000000070d800000, 0x000000070d900000|  0%| F|  |TAMS 0x000000070d800000, 0x000000070d800000| Untracked 
| 205|0x000000070d900000, 0x000000070d900000, 0x000000070da00000|  0%| F|  |TAMS 0x000000070d900000, 0x000000070d900000| Untracked 
| 206|0x000000070da00000, 0x000000070da00000, 0x000000070db00000|  0%| F|  |TAMS 0x000000070da00000, 0x000000070da00000| Untracked 
| 207|0x000000070db00000, 0x000000070db00000, 0x000000070dc00000|  0%| F|  |TAMS 0x000000070db00000, 0x000000070db00000| Untracked 
| 208|0x000000070dc00000, 0x000000070dc00000, 0x000000070dd00000|  0%| F|  |TAMS 0x000000070dc00000, 0x000000070dc00000| Untracked 
| 209|0x000000070dd00000, 0x000000070dd00000, 0x000000070de00000|  0%| F|  |TAMS 0x000000070dd00000, 0x000000070dd00000| Untracked 
| 210|0x000000070de00000, 0x000000070de00000, 0x000000070df00000|  0%| F|  |TAMS 0x000000070de00000, 0x000000070de00000| Untracked 
| 211|0x000000070df00000, 0x000000070df00000, 0x000000070e000000|  0%| F|  |TAMS 0x000000070df00000, 0x000000070df00000| Untracked 
| 212|0x000000070e000000, 0x000000070e000000, 0x000000070e100000|  0%| F|  |TAMS 0x000000070e000000, 0x000000070e000000| Untracked 
| 213|0x000000070e100000, 0x000000070e100000, 0x000000070e200000|  0%| F|  |TAMS 0x000000070e100000, 0x000000070e100000| Untracked 
| 214|0x000000070e200000, 0x000000070e200000, 0x000000070e300000|  0%| F|  |TAMS 0x000000070e200000, 0x000000070e200000| Untracked 
| 215|0x000000070e300000, 0x000000070e300000, 0x000000070e400000|  0%| F|  |TAMS 0x000000070e300000, 0x000000070e300000| Untracked 
| 216|0x000000070e400000, 0x000000070e400000, 0x000000070e500000|  0%| F|  |TAMS 0x000000070e400000, 0x000000070e400000| Untracked 
| 217|0x000000070e500000, 0x000000070e500000, 0x000000070e600000|  0%| F|  |TAMS 0x000000070e500000, 0x000000070e500000| Untracked 
| 218|0x000000070e600000, 0x000000070e600000, 0x000000070e700000|  0%| F|  |TAMS 0x000000070e600000, 0x000000070e600000| Untracked 
| 219|0x000000070e700000, 0x000000070e700000, 0x000000070e800000|  0%| F|  |TAMS 0x000000070e700000, 0x000000070e700000| Untracked 
| 220|0x000000070e800000, 0x000000070e800000, 0x000000070e900000|  0%| F|  |TAMS 0x000000070e800000, 0x000000070e800000| Untracked 
| 221|0x000000070e900000, 0x000000070e900000, 0x000000070ea00000|  0%| F|  |TAMS 0x000000070e900000, 0x000000070e900000| Untracked 
| 222|0x000000070ea00000, 0x000000070ea00000, 0x000000070eb00000|  0%| F|  |TAMS 0x000000070ea00000, 0x000000070ea00000| Untracked 
| 223|0x000000070eb00000, 0x000000070eb00000, 0x000000070ec00000|  0%| F|  |TAMS 0x000000070eb00000, 0x000000070eb00000| Untracked 
| 224|0x000000070ec00000, 0x000000070ec00000, 0x000000070ed00000|  0%| F|  |TAMS 0x000000070ec00000, 0x000000070ec00000| Untracked 
| 225|0x000000070ed00000, 0x000000070ed00000, 0x000000070ee00000|  0%| F|  |TAMS 0x000000070ed00000, 0x000000070ed00000| Untracked 
| 226|0x000000070ee00000, 0x000000070ee00000, 0x000000070ef00000|  0%| F|  |TAMS 0x000000070ee00000, 0x000000070ee00000| Untracked 
| 227|0x000000070ef00000, 0x000000070ef00000, 0x000000070f000000|  0%| F|  |TAMS 0x000000070ef00000, 0x000000070ef00000| Untracked 
| 228|0x000000070f000000, 0x000000070f000000, 0x000000070f100000|  0%| F|  |TAMS 0x000000070f000000, 0x000000070f000000| Untracked 
| 229|0x000000070f100000, 0x000000070f100000, 0x000000070f200000|  0%| F|  |TAMS 0x000000070f100000, 0x000000070f100000| Untracked 
| 230|0x000000070f200000, 0x000000070f200000, 0x000000070f300000|  0%| F|  |TAMS 0x000000070f200000, 0x000000070f200000| Untracked 
| 231|0x000000070f300000, 0x000000070f300000, 0x000000070f400000|  0%| F|  |TAMS 0x000000070f300000, 0x000000070f300000| Untracked 
| 232|0x000000070f400000, 0x000000070f400000, 0x000000070f500000|  0%| F|  |TAMS 0x000000070f400000, 0x000000070f400000| Untracked 
| 233|0x000000070f500000, 0x000000070f500000, 0x000000070f600000|  0%| F|  |TAMS 0x000000070f500000, 0x000000070f500000| Untracked 
| 234|0x000000070f600000, 0x000000070f600000, 0x000000070f700000|  0%| F|  |TAMS 0x000000070f600000, 0x000000070f600000| Untracked 
| 235|0x000000070f700000, 0x000000070f700000, 0x000000070f800000|  0%| F|  |TAMS 0x000000070f700000, 0x000000070f700000| Untracked 
| 236|0x000000070f800000, 0x000000070f800000, 0x000000070f900000|  0%| F|  |TAMS 0x000000070f800000, 0x000000070f800000| Untracked 
| 237|0x000000070f900000, 0x000000070f900000, 0x000000070fa00000|  0%| F|  |TAMS 0x000000070f900000, 0x000000070f900000| Untracked 
| 238|0x000000070fa00000, 0x000000070fa00000, 0x000000070fb00000|  0%| F|  |TAMS 0x000000070fa00000, 0x000000070fa00000| Untracked 
| 239|0x000000070fb00000, 0x000000070fb00000, 0x000000070fc00000|  0%| F|  |TAMS 0x000000070fb00000, 0x000000070fb00000| Untracked 
| 240|0x000000070fc00000, 0x000000070fc00000, 0x000000070fd00000|  0%| F|  |TAMS 0x000000070fc00000, 0x000000070fc00000| Untracked 
| 241|0x000000070fd00000, 0x000000070fd00000, 0x000000070fe00000|  0%| F|  |TAMS 0x000000070fd00000, 0x000000070fd00000| Untracked 
| 242|0x000000070fe00000, 0x000000070fe00000, 0x000000070ff00000|  0%| F|  |TAMS 0x000000070fe00000, 0x000000070fe00000| Untracked 
| 243|0x000000070ff00000, 0x000000070ff00000, 0x0000000710000000|  0%| F|  |TAMS 0x000000070ff00000, 0x000000070ff00000| Untracked 
| 244|0x0000000710000000, 0x0000000710000000, 0x0000000710100000|  0%| F|  |TAMS 0x0000000710000000, 0x0000000710000000| Untracked 
| 245|0x0000000710100000, 0x0000000710100000, 0x0000000710200000|  0%| F|  |TAMS 0x0000000710100000, 0x0000000710100000| Untracked 
| 246|0x0000000710200000, 0x0000000710200000, 0x0000000710300000|  0%| F|  |TAMS 0x0000000710200000, 0x0000000710200000| Untracked 
| 247|0x0000000710300000, 0x0000000710300000, 0x0000000710400000|  0%| F|  |TAMS 0x0000000710300000, 0x0000000710300000| Untracked 
| 248|0x0000000710400000, 0x0000000710400000, 0x0000000710500000|  0%| F|  |TAMS 0x0000000710400000, 0x0000000710400000| Untracked 
| 249|0x0000000710500000, 0x0000000710576460, 0x0000000710600000| 46%| E|  |TAMS 0x0000000710500000, 0x0000000710500000| Complete 
| 250|0x0000000710600000, 0x0000000710700000, 0x0000000710700000|100%| E|CS|TAMS 0x0000000710600000, 0x0000000710600000| Complete 
| 251|0x0000000710700000, 0x0000000710800000, 0x0000000710800000|100%| E|CS|TAMS 0x0000000710700000, 0x0000000710700000| Complete 
| 252|0x0000000710800000, 0x0000000710900000, 0x0000000710900000|100%| E|CS|TAMS 0x0000000710800000, 0x0000000710800000| Complete 
| 253|0x0000000710900000, 0x0000000710a00000, 0x0000000710a00000|100%| E|CS|TAMS 0x0000000710900000, 0x0000000710900000| Complete 
| 254|0x0000000710a00000, 0x0000000710b00000, 0x0000000710b00000|100%| E|CS|TAMS 0x0000000710a00000, 0x0000000710a00000| Complete 
| 255|0x0000000710b00000, 0x0000000710c00000, 0x0000000710c00000|100%| E|CS|TAMS 0x0000000710b00000, 0x0000000710b00000| Complete 

Card table byte_map: [0x000001b034170000,0x000001b034970000] _byte_map_base: 0x000001b03096a000

Marking Bits (Prev, Next): (CMBitMap*) 0x000001b0207b8108, (CMBitMap*) 0x000001b0207b8148
 Prev Bits: [0x000001b035170000, 0x000001b039140000)
 Next Bits: [0x000001b039140000, 0x000001b03d110000)

Polling page: 0x000001b01e590000

Metaspace:

Usage:
  Non-class:      9.04 MB capacity,     8.87 MB ( 98%) used,   158.26 KB (  2%) free+waste,    10.19 KB ( <1%) overhead. 
      Class:    955.00 KB capacity,   895.46 KB ( 94%) used,    55.35 KB (  6%) free+waste,     4.19 KB ( <1%) overhead. 
       Both:      9.97 MB capacity,     9.75 MB ( 98%) used,   213.61 KB (  2%) free+waste,    14.38 KB ( <1%) overhead. 

Virtual space:
  Non-class space:       10.00 MB reserved,       9.25 MB ( 93%) committed 
      Class space:        1.00 GB reserved,       1.00 MB ( <1%) committed 
             Both:        1.01 GB reserved,      10.25 MB ( <1%) committed 

Chunk freelists:
   Non-Class:  24.00 KB
       Class:  5.00 KB
        Both:  29.00 KB

MaxMetaspaceSize: 17179869184.00 GB
CompressedClassSpaceSize: 1.00 GB

CodeHeap 'non-profiled nmethods': size=120000Kb used=153Kb max_used=153Kb free=119846Kb
 bounds [0x000001b02bee0000, 0x000001b02c150000, 0x000001b033410000]
CodeHeap 'profiled nmethods': size=120000Kb used=655Kb max_used=655Kb free=119344Kb
 bounds [0x000001b0249b0000, 0x000001b024c20000, 0x000001b02bee0000]
CodeHeap 'non-nmethods': size=5760Kb used=1235Kb max_used=1250Kb free=4524Kb
 bounds [0x000001b024410000, 0x000001b024680000, 0x000001b0249b0000]
 total_blobs=869 nmethods=470 adapters=312
 compilation: enabled
              stopped_count=0, restarted_count=0
 full_count=0

Compilation events (20 events):
Event: 0.431 Thread 0x000001b0407ec000  462       3       java.util.regex.Pattern::isSupplementary (21 bytes)
Event: 0.432 Thread 0x000001b0407ec000 nmethod 462 0x000001b024a51490 code [0x000001b024a51640, 0x000001b024a518b8]
Event: 0.432 Thread 0x000001b0407ec000  463       3       java.lang.Character::isSurrogate (18 bytes)
Event: 0.432 Thread 0x000001b0407ec000 nmethod 463 0x000001b024a51990 code [0x000001b024a51b20, 0x000001b024a51c98]
Event: 0.432 Thread 0x000001b0407ec000  464       3       java.util.regex.Pattern::has (15 bytes)
Event: 0.432 Thread 0x000001b0407ec000 nmethod 464 0x000001b024a51d10 code [0x000001b024a51ea0, 0x000001b024a51ff8]
Event: 0.432 Thread 0x000001b0407ec000  466       3       java.util.regex.Pattern::peek (26 bytes)
Event: 0.432 Thread 0x000001b0407ec000 nmethod 466 0x000001b024a52090 code [0x000001b024a52240, 0x000001b024a524c8]
Event: 0.432 Thread 0x000001b0407ec000  465       3       java.util.regex.ASCII::isAscii (13 bytes)
Event: 0.432 Thread 0x000001b0407ec000 nmethod 465 0x000001b024a52610 code [0x000001b024a527a0, 0x000001b024a528d8]
Event: 0.432 Thread 0x000001b0407ec000  467       3       java.util.regex.Pattern::next (33 bytes)
Event: 0.432 Thread 0x000001b0407c5000 nmethod 438 0x000001b02bf06090 code [0x000001b02bf06240, 0x000001b02bf06538]
Event: 0.432 Thread 0x000001b0407ec000 nmethod 467 0x000001b024a52990 code [0x000001b024a52b40, 0x000001b024a52dc8]
Event: 0.432 Thread 0x000001b0407ec000  468       3       java.util.regex.ASCII::toLower (16 bytes)
Event: 0.432 Thread 0x000001b0407ec000 nmethod 468 0x000001b024a52f10 code [0x000001b024a530c0, 0x000001b024a532b8]
Event: 0.432 Thread 0x000001b0407ec000  469       3       java.util.regex.ASCII::isUpper (18 bytes)
Event: 0.432 Thread 0x000001b0407ec000 nmethod 469 0x000001b024a53390 code [0x000001b024a53520, 0x000001b024a53678]
Event: 497.866 Thread 0x000001b0407ec000  470       3       org.eclipse.jdt.launching.internal.org.objectweb.asm.SymbolTable::addConstantUtf8Reference (20 bytes)
Event: 497.866 Thread 0x000001b0407ec000 nmethod 470 0x000001b024a53710 code [0x000001b024a538e0, 0x000001b024a53c68]
Event: 947.442 Thread 0x000001b0407c5000  471       4       org.eclipse.jdt.launching.internal.org.objectweb.asm.ClassReader::getItem (7 bytes)

GC Heap History (0 events):
No events

Deoptimization events (20 events):
Event: 0.399 Thread 0x000001b02074d000 DEOPT PACKING pc=0x000001b024a26ded sp=0x0000006f258f7720
Event: 0.399 Thread 0x000001b02074d000 DEOPT UNPACKING pc=0x000001b02445964e sp=0x0000006f258f6be8 mode 0
Event: 0.399 Thread 0x000001b02074d000 DEOPT PACKING pc=0x000001b024a26ded sp=0x0000006f258f7720
Event: 0.399 Thread 0x000001b02074d000 DEOPT UNPACKING pc=0x000001b02445964e sp=0x0000006f258f6be8 mode 0
Event: 0.399 Thread 0x000001b02074d000 DEOPT PACKING pc=0x000001b024a26ded sp=0x0000006f258f7720
Event: 0.399 Thread 0x000001b02074d000 DEOPT UNPACKING pc=0x000001b02445964e sp=0x0000006f258f6be8 mode 0
Event: 0.399 Thread 0x000001b02074d000 DEOPT PACKING pc=0x000001b024a26bb8 sp=0x0000006f258f7720
Event: 0.399 Thread 0x000001b02074d000 DEOPT UNPACKING pc=0x000001b02445964e sp=0x0000006f258f6be8 mode 0
Event: 0.422 Thread 0x000001b02074d000 Uncommon trap: trap_request=0xffffff45 fr.pc=0x000001b02bee8fb8 relative=0x0000000000000278
Event: 0.422 Thread 0x000001b02074d000 Uncommon trap: reason=unstable_if action=reinterpret pc=0x000001b02bee8fb8 method=java.lang.String.isLatin1()Z @ 10 c2
Event: 0.422 Thread 0x000001b02074d000 DEOPT PACKING pc=0x000001b02bee8fb8 sp=0x0000006f258fc5e0
Event: 0.422 Thread 0x000001b02074d000 DEOPT UNPACKING pc=0x000001b02445912f sp=0x0000006f258fc518 mode 2
Event: 0.422 Thread 0x000001b02074d000 Uncommon trap: trap_request=0xffffff45 fr.pc=0x000001b02beef8fc relative=0x000000000000005c
Event: 0.422 Thread 0x000001b02074d000 Uncommon trap: reason=unstable_if action=reinterpret pc=0x000001b02beef8fc method=java.lang.String.isLatin1()Z @ 10 c2
Event: 0.422 Thread 0x000001b02074d000 DEOPT PACKING pc=0x000001b02beef8fc sp=0x0000006f258fc570
Event: 0.422 Thread 0x000001b02074d000 DEOPT UNPACKING pc=0x000001b02445912f sp=0x0000006f258fc510 mode 2
Event: 0.427 Thread 0x000001b02074d000 Uncommon trap: trap_request=0xffffff45 fr.pc=0x000001b02bef23e4 relative=0x0000000000000044
Event: 0.427 Thread 0x000001b02074d000 Uncommon trap: reason=unstable_if action=reinterpret pc=0x000001b02bef23e4 method=java.lang.CharacterData.of(I)Ljava/lang/CharacterData; @ 4 c2
Event: 0.427 Thread 0x000001b02074d000 DEOPT PACKING pc=0x000001b02bef23e4 sp=0x0000006f258fe550
Event: 0.427 Thread 0x000001b02074d000 DEOPT UNPACKING pc=0x000001b02445912f sp=0x0000006f258fe4f0 mode 2

Classes unloaded (0 events):
No events

Classes redefined (3 events):
Event: 17.733 Thread 0x000001b040785000 redefined class name=Programa_tarea, count=1
Event: 480.246 Thread 0x000001b040785000 redefined class name=Programa_tarea, count=2
Event: 497.866 Thread 0x000001b040785000 redefined class name=Programa_tarea, count=3

Internal exceptions (1 events):
Event: 0.404 Thread 0x000001b02074d000 Exception <a 'java/lang/NoSuchMethodError'{0x00000007107e9998}: 'int java.lang.invoke.DirectMethodHandle$Holder.invokeSpecialIFC(java.lang.Object, java.lang.Object, int)'> (0x00000007107e9998) 
thrown [./open/src/hotspot/share/interpreter/linkResolver.cpp, line 766]

Events (20 events):
Event: 0.430 loading class java/math/RoundingMode done
Event: 0.431 loading class java/util/regex/Pattern$Ques
Event: 0.431 loading class java/util/regex/Pattern$Ques done
Event: 0.431 loading class java/util/regex/Pattern$Qtype
Event: 0.431 loading class java/util/regex/Pattern$Qtype done
Event: 0.431 loading class java/util/regex/Pattern$Curly
Event: 0.432 loading class java/util/regex/Pattern$Curly done
Event: 0.432 loading class java/util/regex/Pattern$GroupCurly
Event: 0.432 loading class java/util/regex/Pattern$GroupCurly done
Event: 17.733 Executing VM operation: RedefineClasses
Event: 17.734 Executing VM operation: RedefineClasses done
Event: 480.245 Executing VM operation: RedefineClasses
Event: 480.247 Executing VM operation: RedefineClasses done
Event: 497.866 Executing VM operation: RedefineClasses
Event: 497.867 Executing VM operation: RedefineClasses done
Event: 507.718 Executing VM operation: ChangeBreakpoints
Event: 507.718 Executing VM operation: ChangeBreakpoints done
Event: 507.718 Executing VM operation: ChangeBreakpoints
Event: 507.719 Executing VM operation: ChangeBreakpoints done
Event: 947.442 Executing VM operation: RedefineClasses


Dynamic libraries:
0x00007ff769010000 - 0x00007ff76901d000 	C:\Users\Pablo\.p2\pool\plugins\org.eclipse.justj.openjdk.hotspot.jre.full.win32.x86_64_14.0.2.v20200815-0932\jre\bin\javaw.exe
0x00007ffe82240000 - 0x00007ffe82430000 	C:\WINDOWS\SYSTEM32\ntdll.dll
0x00007ffe80820000 - 0x00007ffe808d2000 	C:\WINDOWS\System32\KERNEL32.DLL
0x00007ffe7fdc0000 - 0x00007ffe80065000 	C:\WINDOWS\System32\KERNELBASE.dll
0x00007ffe800c0000 - 0x00007ffe801ba000 	C:\WINDOWS\System32\ucrtbase.dll
0x00007ffe69860000 - 0x00007ffe69878000 	C:\Users\Pablo\.p2\pool\plugins\org.eclipse.justj.openjdk.hotspot.jre.full.win32.x86_64_14.0.2.v20200815-0932\jre\bin\jli.dll
0x00007ffe6b080000 - 0x00007ffe6b095000 	C:\Users\Pablo\.p2\pool\plugins\org.eclipse.justj.openjdk.hotspot.jre.full.win32.x86_64_14.0.2.v20200815-0932\jre\bin\VCRUNTIME140.dll
0x00007ffe80aa0000 - 0x00007ffe80c34000 	C:\WINDOWS\System32\USER32.dll
0x00007ffe7fba0000 - 0x00007ffe7fbc1000 	C:\WINDOWS\System32\win32u.dll
0x00007ffe81730000 - 0x00007ffe81756000 	C:\WINDOWS\System32\GDI32.dll
0x00007ffe7f1d0000 - 0x00007ffe7f366000 	C:\WINDOWS\System32\gdi32full.dll
0x00007ffe71b90000 - 0x00007ffe71e14000 	C:\WINDOWS\WinSxS\amd64_microsoft.windows.common-controls_6595b64144ccf1df_6.0.18362.1139_none_9e7bf2d3e4605ac6\COMCTL32.dll
0x00007ffe7fbd0000 - 0x00007ffe7fc6e000 	C:\WINDOWS\System32\msvcp_win.dll
0x00007ffe80310000 - 0x00007ffe803ae000 	C:\WINDOWS\System32\msvcrt.dll
0x00007ffe81c40000 - 0x00007ffe81f75000 	C:\WINDOWS\System32\combase.dll
0x00007ffe82000000 - 0x00007ffe82120000 	C:\WINDOWS\System32\RPCRT4.dll
0x00007ffe80270000 - 0x00007ffe802f0000 	C:\WINDOWS\System32\bcryptPrimitives.dll
0x00007ffe81970000 - 0x00007ffe8199e000 	C:\WINDOWS\System32\IMM32.DLL
0x00007ffe4cf80000 - 0x00007ffe4d01b000 	C:\Users\Pablo\.p2\pool\plugins\org.eclipse.justj.openjdk.hotspot.jre.full.win32.x86_64_14.0.2.v20200815-0932\jre\bin\msvcp140.dll
0x00007ffe1faf0000 - 0x00007ffe2060e000 	C:\Users\Pablo\.p2\pool\plugins\org.eclipse.justj.openjdk.hotspot.jre.full.win32.x86_64_14.0.2.v20200815-0932\jre\bin\server\jvm.dll
0x00007ffe81680000 - 0x00007ffe81723000 	C:\WINDOWS\System32\ADVAPI32.dll
0x00007ffe81a50000 - 0x00007ffe81ae7000 	C:\WINDOWS\System32\sechost.dll
0x00007ffe808e0000 - 0x00007ffe808e8000 	C:\WINDOWS\System32\PSAPI.DLL
0x00007ffe79db0000 - 0x00007ffe79db9000 	C:\WINDOWS\SYSTEM32\WSOCK32.dll
0x00007ffe7a4e0000 - 0x00007ffe7a504000 	C:\WINDOWS\SYSTEM32\WINMM.dll
0x00007ffe82190000 - 0x00007ffe821ff000 	C:\WINDOWS\System32\WS2_32.dll
0x00007ffe77490000 - 0x00007ffe7749a000 	C:\WINDOWS\SYSTEM32\VERSION.dll
0x00007ffe7a4b0000 - 0x00007ffe7a4dd000 	C:\WINDOWS\SYSTEM32\winmmbase.dll
0x00007ffe80070000 - 0x00007ffe800ba000 	C:\WINDOWS\System32\cfgmgr32.dll
0x00007ffe7f160000 - 0x00007ffe7f171000 	C:\WINDOWS\System32\kernel.appcore.dll
0x00007ffe69d80000 - 0x00007ffe69d8a000 	C:\Users\Pablo\.p2\pool\plugins\org.eclipse.justj.openjdk.hotspot.jre.full.win32.x86_64_14.0.2.v20200815-0932\jre\bin\jimage.dll
0x00007ffe70430000 - 0x00007ffe70624000 	C:\WINDOWS\SYSTEM32\DBGHELP.DLL
0x00007ffe6e760000 - 0x00007ffe6e78a000 	C:\WINDOWS\SYSTEM32\dbgcore.DLL
0x00007ffe65f20000 - 0x00007ffe65f58000 	C:\Users\Pablo\.p2\pool\plugins\org.eclipse.justj.openjdk.hotspot.jre.full.win32.x86_64_14.0.2.v20200815-0932\jre\bin\jdwp.dll
0x00007ffe65df0000 - 0x00007ffe65e15000 	C:\Users\Pablo\.p2\pool\plugins\org.eclipse.justj.openjdk.hotspot.jre.full.win32.x86_64_14.0.2.v20200815-0932\jre\bin\java.dll
0x00007ffe79bc0000 - 0x00007ffe79bce000 	C:\Users\Pablo\.p2\pool\plugins\org.eclipse.justj.openjdk.hotspot.jre.full.win32.x86_64_14.0.2.v20200815-0932\jre\bin\instrument.dll
0x00007ffe65dd0000 - 0x00007ffe65de6000 	C:\Users\Pablo\.p2\pool\plugins\org.eclipse.justj.openjdk.hotspot.jre.full.win32.x86_64_14.0.2.v20200815-0932\jre\bin\zip.dll
0x00007ffe80f90000 - 0x00007ffe81677000 	C:\WINDOWS\System32\SHELL32.dll
0x00007ffe819a0000 - 0x00007ffe81a49000 	C:\WINDOWS\System32\shcore.dll
0x00007ffe7f420000 - 0x00007ffe7fba0000 	C:\WINDOWS\System32\windows.storage.dll
0x00007ffe7f1a0000 - 0x00007ffe7f1c3000 	C:\WINDOWS\System32\profapi.dll
0x00007ffe7f110000 - 0x00007ffe7f15a000 	C:\WINDOWS\System32\powrprof.dll
0x00007ffe7f100000 - 0x00007ffe7f110000 	C:\WINDOWS\System32\UMPDC.dll
0x00007ffe80ed0000 - 0x00007ffe80f22000 	C:\WINDOWS\System32\shlwapi.dll
0x00007ffe80250000 - 0x00007ffe80267000 	C:\WINDOWS\System32\cryptsp.dll
0x00007ffe6e790000 - 0x00007ffe6e79b000 	C:\Users\Pablo\.p2\pool\plugins\org.eclipse.justj.openjdk.hotspot.jre.full.win32.x86_64_14.0.2.v20200815-0932\jre\bin\dt_socket.dll
0x00007ffe7e600000 - 0x00007ffe7e63a000 	C:\WINDOWS\SYSTEM32\IPHLPAPI.DLL
0x00007ffe7e8f0000 - 0x00007ffe7e957000 	C:\WINDOWS\system32\mswsock.dll
0x00007ffe7e640000 - 0x00007ffe7e70b000 	C:\WINDOWS\SYSTEM32\DNSAPI.dll
0x00007ffe81c30000 - 0x00007ffe81c38000 	C:\WINDOWS\System32\NSI.dll
0x00007ffe79fa0000 - 0x00007ffe79faa000 	C:\Windows\System32\rasadhlp.dll
0x00007ffe7a640000 - 0x00007ffe7a6b7000 	C:\WINDOWS\System32\fwpuclnt.dll
0x00007ffe801c0000 - 0x00007ffe801e6000 	C:\WINDOWS\System32\bcrypt.dll
0x00007ffe5c8c0000 - 0x00007ffe5c8d9000 	C:\Users\Pablo\.p2\pool\plugins\org.eclipse.justj.openjdk.hotspot.jre.full.win32.x86_64_14.0.2.v20200815-0932\jre\bin\net.dll
0x00007ffe79a90000 - 0x00007ffe79b80000 	C:\WINDOWS\SYSTEM32\WINHTTP.dll
0x00007ffe5c8a0000 - 0x00007ffe5c8b2000 	C:\Users\Pablo\.p2\pool\plugins\org.eclipse.justj.openjdk.hotspot.jre.full.win32.x86_64_14.0.2.v20200815-0932\jre\bin\nio.dll
0x00007ffe69d70000 - 0x00007ffe69d80000 	C:\Users\Pablo\.p2\pool\plugins\org.eclipse.justj.openjdk.hotspot.jre.full.win32.x86_64_14.0.2.v20200815-0932\jre\bin\verify.dll

dbghelp: loaded successfully - version: 4.0.5 - missing functions: none
symbol engine: initialized successfully - sym options: 0x614 - pdb path: .;C:\Users\Pablo\.p2\pool\plugins\org.eclipse.justj.openjdk.hotspot.jre.full.win32.x86_64_14.0.2.v20200815-0932\jre\bin;C:\WINDOWS\SYSTEM32;C:\WINDOWS\WinSxS\amd64_microsoft.windows.common-controls_6595b64144ccf1df_6.0.18362.1139_none_9e7bf2d3e4605ac6;C:\Users\Pablo\.p2\pool\plugins\org.eclipse.justj.openjdk.hotspot.jre.full.win32.x86_64_14.0.2.v20200815-0932\jre\bin\server

VM Arguments:
jvm_args: -XX:+ShowCodeDetailsInExceptionMessages -agentlib:jdwp=transport=dt_socket,suspend=y,address=localhost:65078 -javaagent:C:\Users\Pablo\eclipse\java-2020-09\eclipse\configuration\org.eclipse.osgi\215\0\.cp\lib\javaagent-shaded.jar -Dfile.encoding=Cp1252 
java_command: Programa_tarea
java_class_path (initial): F:\Programacion\Todos\Tarea10\bin
Launcher Type: SUN_STANDARD

[Global flags]
     intx CICompilerCount                          = 4                                         {product} {ergonomic}
     uint ConcGCThreads                            = 3                                         {product} {ergonomic}
     uint G1ConcRefinementThreads                  = 10                                        {product} {ergonomic}
   size_t G1HeapRegionSize                         = 1048576                                   {product} {ergonomic}
    uintx GCDrainStackTargetSize                   = 64                                        {product} {ergonomic}
   size_t InitialHeapSize                          = 268435456                                 {product} {ergonomic}
   size_t MarkStackSize                            = 4194304                                   {product} {ergonomic}
   size_t MaxHeapSize                              = 4282384384                                {product} {ergonomic}
   size_t MaxNewSize                               = 2569011200                                {product} {ergonomic}
   size_t MinHeapDeltaBytes                        = 1048576                                   {product} {ergonomic}
   size_t MinHeapSize                              = 8388608                                   {product} {ergonomic}
    uintx NonNMethodCodeHeapSize                   = 5839372                                {pd product} {ergonomic}
    uintx NonProfiledCodeHeapSize                  = 122909434                              {pd product} {ergonomic}
    uintx ProfiledCodeHeapSize                     = 122909434                              {pd product} {ergonomic}
    uintx ReservedCodeCacheSize                    = 251658240                              {pd product} {ergonomic}
     bool SegmentedCodeCache                       = true                                      {product} {ergonomic}
     bool ShowCodeDetailsInExceptionMessages       = true                                   {manageable} {command line}
   size_t SoftMaxHeapSize                          = 4282384384                             {manageable} {ergonomic}
     bool UseCompressedClassPointers               = true                                 {lp64_product} {ergonomic}
     bool UseCompressedOops                        = true                                 {lp64_product} {ergonomic}
     bool UseG1GC                                  = true                                      {product} {ergonomic}
     bool UseLargePagesIndividualAllocation        = false                                  {pd product} {ergonomic}

Logging:
Log output configuration:
 #0: stdout all=warning uptime,level,tags
 #1: stderr all=off uptime,level,tags

Environment Variables:
PATH=C:\Users\Pablo\.p2\pool\plugins\org.eclipse.justj.openjdk.hotspot.jre.full.win32.x86_64_14.0.2.v20200815-0932\jre\bin;C:/Users/Pablo/.p2/pool/plugins/org.eclipse.justj.openjdk.hotspot.jre.full.win32.x86_64_14.0.2.v20200815-0932/jre/bin/server;C:/Users/Pablo/.p2/pool/plugins/org.eclipse.justj.openjdk.hotspot.jre.full.win32.x86_64_14.0.2.v20200815-0932/jre/bin;C:\Program Files (x86)\VMware\VMware Player\bin\;C:\WINDOWS\system32;C:\WINDOWS;C:\WINDOWS\System32\Wbem;C:\WINDOWS\System32\WindowsPowerShell\v1.0\;C:\WINDOWS\System32\OpenSSH\;C:\Android;C:\Windows\System32;C:\Program Files\Calibre2\;C:\Program Files\Microsoft SQL Server\120\Tools\Binn\;C:\Program Files\AutoFirma\AutoFirma;C:\Users\Pablo\AppData\Local\Microsoft\WindowsApps;;C:\Program Files\snap\bin;C:\Users\Pablo\AppData\Local\Programs\Microsoft VS Code\bin;C:\Users\Pablo\Desktop;
USERNAME=Pablo
OS=Windows_NT
PROCESSOR_IDENTIFIER=AMD64 Family 23 Model 8 Stepping 2, AuthenticAMD



---------------  S Y S T E M  ---------------

OS: Windows 10 , 64 bit Build 18362 (10.0.18362.1110)
OS uptime: 27 days 23:27 hours

CPU:total 12 (initial active 12) (12 cores per cpu, 2 threads per core) family 23 model 8 stepping 2, cmov, cx8, fxsr, mmx, sse, sse2, sse3, ssse3, sse4.1, sse4.2, popcnt, avx, avx2, aes, clmul, mmxext, 3dnowpref, lzcnt, sse4a, ht, tsc, tscinvbit, tscinv, bmi1, bmi2, adx, sha, fma

Memory: 4k page, system-wide physical 16335M (7412M free)
TotalPageFile size 25551M (AvailPageFile size 4394M)
current process WorkingSet (physical memory assigned to process): 49M, peak: 50M
current process commit charge ("private bytes"): 350M, peak: 352M

vm_info: OpenJDK 64-Bit Server VM (14.0.2+12-46) for windows-amd64 JRE (14.0.2+12-46), built on Jul  9 2020 00:31:16 by "mach5one" with MS VC++ 15.9 (VS2017)

END.
